2023-08-06 08:46:20.275224 - Initialized conversion of CBT969
2023-08-06 08:46:20.838455 - Received SBGOLOB.CBT506.FILE969 from FILE969.XMI 
2023-08-06 08:46:20.841040 - Found $$$#DATE.txt (text/plain) in SBGOLOB.CBT506.FILE969, moved to FILE969/$$$#DATE
2023-08-06 08:46:20.841985 - Found $$$DOC.txt (text/plain) in SBGOLOB.CBT506.FILE969, moved to FILE969/$$$DOC
2023-08-06 08:46:20.843330 - Found $CHANGES.txt (text/plain) in SBGOLOB.CBT506.FILE969, moved to FILE969/$CHANGES
2023-08-06 08:46:20.844417 - Found $INSTALL.txt (text/plain) in SBGOLOB.CBT506.FILE969, moved to FILE969/$INSTALL
2023-08-06 08:46:20.845387 - Found $MODULES.txt (text/plain) in SBGOLOB.CBT506.FILE969, moved to FILE969/$MODULES
2023-08-06 08:46:20.846448 - Found $MONITOR.txt (text/plain) in SBGOLOB.CBT506.FILE969, moved to FILE969/$MONITOR
2023-08-06 08:46:20.847335 - Found $RECV.rexx (text/plain) in SBGOLOB.CBT506.FILE969, moved to FILE969/$RECV
2023-08-06 08:46:20.848178 - Found $RFES.txt (text/plain) in SBGOLOB.CBT506.FILE969, moved to FILE969/$RFES
2023-08-06 08:46:20.849100 - Found $UNDOC.txt (text/plain) in SBGOLOB.CBT506.FILE969, moved to FILE969/$UNDOC
2023-08-06 08:46:20.850055 - Found @ASMCLS.jcl (text/plain) in SBGOLOB.CBT506.FILE969, moved to FILE969/@ASMCLS
2023-08-06 08:46:20.850973 - Found @BACKUP.txt (text/plain) in SBGOLOB.CBT506.FILE969, moved to FILE969/@BACKUP
2023-08-06 08:46:20.851827 - Found @FILE969.txt (text/plain) in SBGOLOB.CBT506.FILE969, moved to FILE969/@FILE969
2023-08-06 08:46:20.885857 - Found ASM.xmi (application/xmit) in SBGOLOB.CBT506.FILE969
2023-08-06 08:46:20.891793   - Received to CBT969/PDSEGEN.ASM
2023-08-06 08:46:20.892864 - Found ASMJCL.jcl (text/plain) in SBGOLOB.CBT506.FILE969, moved to FILE969/ASMJCL
2023-08-06 08:46:20.892875 - Found CLS.bin containing application/octet-stream, moved to FILE969/CLS
2023-08-06 08:46:21.124284 - Found EXEC.xmi (application/xmit) in SBGOLOB.CBT506.FILE969
2023-08-06 08:46:21.143226   - Received to CBT969/PDSEGEN.EXEC
2023-08-06 08:46:21.144315 - Found FIXPDSEG.rexx (text/plain) in SBGOLOB.CBT506.FILE969, moved to FILE969/FIXPDSEG
2023-08-06 08:46:21.145428 - Found LICENSE.txt (text/plain) in SBGOLOB.CBT506.FILE969, moved to FILE969/LICENSE
2023-08-06 08:46:21.153653 - Found LOAD.xmi (application/xmit) in SBGOLOB.CBT506.FILE969
2023-08-06 08:46:21.161846   - Received RECFM=U data, stored XMIT file as CBT969/LOAD.xmi
2023-08-06 08:46:21.816770 - Found PANELS.xmi (application/xmit) in SBGOLOB.CBT506.FILE969
2023-08-06 08:46:21.932758   - Received to CBT969/PDSEGEN.PANELS
2023-08-06 08:46:21.933890 - Found PDSEGQW.txt (text/plain) in SBGOLOB.CBT506.FILE969, moved to FILE969/PDSEGQW
2023-08-06 08:46:21.936848 - De-xmi-ed PDSEPDF to CBT969/docs/PDSEPDF.pdf
2023-08-06 08:46:21.938774 - De-xmi-ed PDSEREFC to CBT969/docs/PDSEREFC.pdf
2023-08-06 08:46:21.939673 - Found QWLOAD.txt (text/plain) in SBGOLOB.CBT506.FILE969, moved to FILE969/QWLOAD
2023-08-06 08:46:21.940504 - Found SAMPBR.jcl (text/plain) in SBGOLOB.CBT506.FILE969, moved to FILE969/SAMPBR
2023-08-06 08:46:21.941354 - Found SAMPCOPY.jcl (text/plain) in SBGOLOB.CBT506.FILE969, moved to FILE969/SAMPCOPY
2023-08-06 08:46:22.093149 - Found SAMPLE.xmi (application/xmit) in SBGOLOB.CBT506.FILE969
2023-08-06 08:46:22.124641   - Received to CBT969/SAMPLE.BACKUP
2023-08-06 08:46:22.125701 - Found SUPPORT.txt (text/plain) in SBGOLOB.CBT506.FILE969, moved to FILE969/SUPPORT
2023-08-06 08:46:22.126565 - Found WISHLIST.txt (text/plain) in SBGOLOB.CBT506.FILE969, moved to FILE969/WISHLIST
